# JRE version: Java(TM) SE Runtime Environment (8.0_25-b18) (build 1.8.0_25-b18)
# Java VM: Java HotSpot(TM) 64-Bit Server VM (25.25-b02 mixed mode windows-amd64 compressed oops)
Heap:
 PSYoungGen      total 599040K, used 284575K [0x00000000d5b80000, 0x00000000fd280000, 0x0000000100000000)
  eden space 558080K, 49% used [0x00000000d5b80000,0x00000000e6a76eb8,0x00000000f7c80000)
  from space 40960K, 17% used [0x00000000faa80000,0x00000000fb170f48,0x00000000fd280000)
  to   space 44032K, 0% used [0x00000000f7c80000,0x00000000f7c80000,0x00000000fa780000)
 ParOldGen       total 179712K, used 132032K [0x0000000081200000, 0x000000008c180000, 0x00000000d5b80000)
  object space 179712K, 73% used [0x0000000081200000,0x00000000892f0108,0x000000008c180000)
 Metaspace       used 99762K, capacity 100730K, committed 104364K, reserved 1136640K
  class space    used 16701K, capacity 16917K, committed 17580K, reserved 1048576K
GC Heap History (10 events):
Event: 18422.289 GC heap before
{Heap before GC invocations=60 (full 8):
 PSYoungGen      total 410112K, used 355520K [0x00000000d5b80000, 0x00000000f5b80000, 0x0000000100000000)
  eden space 349696K, 100% used [0x00000000d5b80000,0x00000000eb100000,0x00000000eb100000)
  from space 60416K, 9% used [0x00000000eb100000,0x00000000eb6b0010,0x00000000eec00000)
  to   space 57344K, 0% used [0x00000000f2380000,0x00000000f2380000,0x00000000f5b80000)
 ParOldGen       total 179712K, used 123780K [0x0000000081200000, 0x000000008c180000, 0x00000000d5b80000)
  object space 179712K, 68% used [0x0000000081200000,0x0000000088ae1378,0x000000008c180000)
 Metaspace       used 99731K, capacity 100666K, committed 104364K, reserved 1136640K
  class space    used 16694K, capacity 16917K, committed 17580K, reserved 1048576K
Event: 18422.312 GC heap after
Heap after GC invocations=60 (full 8):
 PSYoungGen      total 464896K, used 5952K [0x00000000d5b80000, 0x00000000f5800000, 0x0000000100000000)
  eden space 411136K, 0% used [0x00000000d5b80000,0x00000000d5b80000,0x00000000eed00000)
  from space 53760K, 11% used [0x00000000f2380000,0x00000000f2950000,0x00000000f5800000)
  to   space 54784K, 0% used [0x00000000eed00000,0x00000000eed00000,0x00000000f2280000)
 ParOldGen       total 179712K, used 125489K [0x0000000081200000, 0x000000008c180000, 0x00000000d5b80000)
  object space 179712K, 69% used [0x0000000081200000,0x0000000088c8c668,0x000000008c180000)
 Metaspace       used 99731K, capacity 100666K, committed 104364K, reserved 1136640K
  class space    used 16694K, capacity 16917K, committed 17580K, reserved 1048576K
}
Event: 18423.479 GC heap before
{Heap before GC invocations=61 (full 8):
 PSYoungGen      total 464896K, used 417088K [0x00000000d5b80000, 0x00000000f5800000, 0x0000000100000000)
  eden space 411136K, 100% used [0x00000000d5b80000,0x00000000eed00000,0x00000000eed00000)
  from space 53760K, 11% used [0x00000000f2380000,0x00000000f2950000,0x00000000f5800000)
  to   space 54784K, 0% used [0x00000000eed00000,0x00000000eed00000,0x00000000f2280000)
 ParOldGen       total 179712K, used 125489K [0x0000000081200000, 0x000000008c180000, 0x00000000d5b80000)
  object space 179712K, 69% used [0x0000000081200000,0x0000000088c8c668,0x000000008c180000)
 Metaspace       used 99731K, capacity 100666K, committed 104364K, reserved 1136640K
  class space    used 16694K, capacity 16917K, committed 17580K, reserved 1048576K
Event: 18423.504 GC heap after
Heap after GC invocations=61 (full 8):
 PSYoungGen      total 465920K, used 5140K [0x00000000d5b80000, 0x00000000f9780000, 0x0000000100000000)
  eden space 411136K, 0% used [0x00000000d5b80000,0x00000000d5b80000,0x00000000eed00000)
  from space 54784K, 9% used [0x00000000eed00000,0x00000000ef2051b8,0x00000000f2280000)
  to   space 52224K, 0% used [0x00000000f6480000,0x00000000f6480000,0x00000000f9780000)
 ParOldGen       total 179712K, used 127111K [0x0000000081200000, 0x000000008c180000, 0x00000000d5b80000)
  object space 179712K, 70% used [0x0000000081200000,0x0000000088e21d00,0x000000008c180000)
 Metaspace       used 99731K, capacity 100666K, committed 104364K, reserved 1136640K
  class space    used 16694K, capacity 16917K, committed 17580K, reserved 1048576K
}
Event: 18424.756 GC heap before
{Heap before GC invocations=62 (full 8):
 PSYoungGen      total 465920K, used 416276K [0x00000000d5b80000, 0x00000000f9780000, 0x0000000100000000)
  eden space 411136K, 100% used [0x00000000d5b80000,0x00000000eed00000,0x00000000eed00000)
  from space 54784K, 9% used [0x00000000eed00000,0x00000000ef2051b8,0x00000000f2280000)
  to   space 52224K, 0% used [0x00000000f6480000,0x00000000f6480000,0x00000000f9780000)
 ParOldGen       total 179712K, used 127111K [0x0000000081200000, 0x000000008c180000, 0x00000000d5b80000)
  object space 179712K, 70% used [0x0000000081200000,0x0000000088e21d00,0x000000008c180000)
 Metaspace       used 99733K, capacity 100666K, committed 104364K, reserved 1136640K
  class space    used 16695K, capacity 16917K, committed 17580K, reserved 1048576K
Event: 18424.769 GC heap after
Heap after GC invocations=62 (full 8):
 PSYoungGen      total 524288K, used 6496K [0x00000000d5b80000, 0x00000000f9000000, 0x0000000100000000)
  eden space 479744K, 0% used [0x00000000d5b80000,0x00000000d5b80000,0x00000000f3000000)
  from space 44544K, 14% used [0x00000000f6480000,0x00000000f6ad8010,0x00000000f9000000)
  to   space 49152K, 0% used [0x00000000f3000000,0x00000000f3000000,0x00000000f6000000)
 ParOldGen       total 179712K, used 128596K [0x0000000081200000, 0x000000008c180000, 0x00000000d5b80000)
  object space 179712K, 71% used [0x0000000081200000,0x0000000088f95028,0x000000008c180000)
 Metaspace       used 99733K, capacity 100666K, committed 104364K, reserved 1136640K
  class space    used 16695K, capacity 16917K, committed 17580K, reserved 1048576K
}
Event: 18426.158 GC heap before
{Heap before GC invocations=63 (full 8):
 PSYoungGen      total 524288K, used 486240K [0x00000000d5b80000, 0x00000000f9000000, 0x0000000100000000)
  eden space 479744K, 100% used [0x00000000d5b80000,0x00000000f3000000,0x00000000f3000000)
  from space 44544K, 14% used [0x00000000f6480000,0x00000000f6ad8010,0x00000000f9000000)
  to   space 49152K, 0% used [0x00000000f3000000,0x00000000f3000000,0x00000000f6000000)
 ParOldGen       total 179712K, used 128596K [0x0000000081200000, 0x000000008c180000, 0x00000000d5b80000)
  object space 179712K, 71% used [0x0000000081200000,0x0000000088f95028,0x000000008c180000)
 Metaspace       used 99733K, capacity 100666K, committed 104364K, reserved 1136640K
  class space    used 16695K, capacity 16917K, committed 17580K, reserved 1048576K
Event: 18426.173 GC heap after
Heap after GC invocations=63 (full 8):
 PSYoungGen      total 528896K, used 5937K [0x00000000d5b80000, 0x00000000fd800000, 0x0000000100000000)
  eden space 479744K, 0% used [0x00000000d5b80000,0x00000000d5b80000,0x00000000f3000000)
  from space 49152K, 12% used [0x00000000f3000000,0x00000000f35cc770,0x00000000f6000000)
  to   space 46592K, 0% used [0x00000000faa80000,0x00000000faa80000,0x00000000fd800000)
 ParOldGen       total 179712K, used 130488K [0x0000000081200000, 0x000000008c180000, 0x00000000d5b80000)
  object space 179712K, 72% used [0x0000000081200000,0x000000008916e0d0,0x000000008c180000)
 Metaspace       used 99733K, capacity 100666K, committed 104364K, reserved 1136640K
  class space    used 16695K, capacity 16917K, committed 17580K, reserved 1048576K
}
Event: 18427.531 GC heap before
{Heap before GC invocations=64 (full 8):
 PSYoungGen      total 528896K, used 485681K [0x00000000d5b80000, 0x00000000fd800000, 0x0000000100000000)
  eden space 479744K, 100% used [0x00000000d5b80000,0x00000000f3000000,0x00000000f3000000)
  from space 49152K, 12% used [0x00000000f3000000,0x00000000f35cc770,0x00000000f6000000)
  to   space 46592K, 0% used [0x00000000faa80000,0x00000000faa80000,0x00000000fd800000)
 ParOldGen       total 179712K, used 130488K [0x0000000081200000, 0x000000008c180000, 0x00000000d5b80000)
  object space 179712K, 72% used [0x0000000081200000,0x000000008916e0d0,0x000000008c180000)
 Metaspace       used 99737K, capacity 100666K, committed 104364K, reserved 1136640K
  class space    used 16695K, capacity 16917K, committed 17580K, reserved 1048576K
Event: 18427.548 GC heap after
Heap after GC invocations=64 (full 8):
 PSYoungGen      total 599040K, used 7107K [0x00000000d5b80000, 0x00000000fd280000, 0x0000000100000000)
  eden space 558080K, 0% used [0x00000000d5b80000,0x00000000d5b80000,0x00000000f7c80000)
  from space 40960K, 17% used [0x00000000faa80000,0x00000000fb170f48,0x00000000fd280000)
  to   space 44032K, 0% used [0x00000000f7c80000,0x00000000f7c80000,0x00000000fa780000)
 ParOldGen       total 179712K, used 132032K [0x0000000081200000, 0x000000008c180000, 0x00000000d5b80000)
  object space 179712K, 73% used [0x0000000081200000,0x00000000892f0108,0x000000008c180000)
 Metaspace       used 99737K, capacity 100666K, committed 104364K, reserved 1136640K
  class space    used 16695K, capacity 16917K, committed 17580K, reserved 1048576K
}

