# JRE version: Java(TM) SE Runtime Environment (8.0_25-b18) (build 1.8.0_25-b18)
# Java VM: Java HotSpot(TM) 64-Bit Server VM (25.25-b02 mixed mode windows-amd64 compressed oops)
Heap:
 PSYoungGen      total 644608K, used 137211K [0x00000000d5b80000, 0x0000000100000000, 0x0000000100000000)
  eden space 603136K, 21% used [0x00000000d5b80000,0x00000000dda4a280,0x00000000fa880000)
  from space 41472K, 17% used [0x00000000fa880000,0x00000000fafb71d0,0x00000000fd100000)
  to   space 39936K, 0% used [0x00000000fd900000,0x00000000fd900000,0x0000000100000000)
 ParOldGen       total 275456K, used 244712K [0x0000000081200000, 0x0000000091f00000, 0x00000000d5b80000)
  object space 275456K, 88% used [0x0000000081200000,0x00000000900fa230,0x0000000091f00000)
 Metaspace       used 99577K, capacity 100514K, committed 103852K, reserved 1136640K
  class space    used 16713K, capacity 16939K, committed 17580K, reserved 1048576K
GC Heap History (10 events):
Event: 1567.238 GC heap before
{Heap before GC invocations=53 (full 8):
 PSYoungGen      total 625664K, used 587670K [0x00000000d5b80000, 0x00000000ff680000, 0x0000000100000000)
  eden space 578560K, 100% used [0x00000000d5b80000,0x00000000f9080000,0x00000000f9080000)
  from space 47104K, 19% used [0x00000000fc880000,0x00000000fd165938,0x00000000ff680000)
  to   space 52224K, 0% used [0x00000000f9080000,0x00000000f9080000,0x00000000fc380000)
 ParOldGen       total 275456K, used 217278K [0x0000000081200000, 0x0000000091f00000, 0x00000000d5b80000)
  object space 275456K, 78% used [0x0000000081200000,0x000000008e62fb08,0x0000000091f00000)
 Metaspace       used 99558K, capacity 100514K, committed 103852K, reserved 1136640K
  class space    used 16708K, capacity 16939K, committed 17580K, reserved 1048576K
Event: 1567.260 GC heap after
Heap after GC invocations=53 (full 8):
 PSYoungGen      total 630784K, used 11904K [0x00000000d5b80000, 0x00000000ffe00000, 0x0000000100000000)
  eden space 578560K, 0% used [0x00000000d5b80000,0x00000000d5b80000,0x00000000f9080000)
  from space 52224K, 22% used [0x00000000f9080000,0x00000000f9c20020,0x00000000fc380000)
  to   space 48640K, 0% used [0x00000000fce80000,0x00000000fce80000,0x00000000ffe00000)
 ParOldGen       total 275456K, used 220830K [0x0000000081200000, 0x0000000091f00000, 0x00000000d5b80000)
  object space 275456K, 80% used [0x0000000081200000,0x000000008e9a79a8,0x0000000091f00000)
 Metaspace       used 99558K, capacity 100514K, committed 103852K, reserved 1136640K
  class space    used 16708K, capacity 16939K, committed 17580K, reserved 1048576K
}
Event: 1569.147 GC heap before
{Heap before GC invocations=54 (full 8):
 PSYoungGen      total 630784K, used 590464K [0x00000000d5b80000, 0x00000000ffe00000, 0x0000000100000000)
  eden space 578560K, 100% used [0x00000000d5b80000,0x00000000f9080000,0x00000000f9080000)
  from space 52224K, 22% used [0x00000000f9080000,0x00000000f9c20020,0x00000000fc380000)
  to   space 48640K, 0% used [0x00000000fce80000,0x00000000fce80000,0x00000000ffe00000)
 ParOldGen       total 275456K, used 220830K [0x0000000081200000, 0x0000000091f00000, 0x00000000d5b80000)
  object space 275456K, 80% used [0x0000000081200000,0x000000008e9a79a8,0x0000000091f00000)
 Metaspace       used 99558K, capacity 100514K, committed 103852K, reserved 1136640K
  class space    used 16708K, capacity 16939K, committed 17580K, reserved 1048576K
Event: 1569.170 GC heap after
Heap after GC invocations=54 (full 8):
 PSYoungGen      total 633856K, used 9568K [0x00000000d5b80000, 0x00000000ff780000, 0x0000000100000000)
  eden space 591872K, 0% used [0x00000000d5b80000,0x00000000d5b80000,0x00000000f9d80000)
  from space 41984K, 22% used [0x00000000fce80000,0x00000000fd7d8010,0x00000000ff780000)
  to   space 46080K, 0% used [0x00000000f9d80000,0x00000000f9d80000,0x00000000fca80000)
 ParOldGen       total 275456K, used 225998K [0x0000000081200000, 0x0000000091f00000, 0x00000000d5b80000)
  object space 275456K, 82% used [0x0000000081200000,0x000000008eeb3bd8,0x0000000091f00000)
 Metaspace       used 99558K, capacity 100514K, committed 103852K, reserved 1136640K
  class space    used 16708K, capacity 16939K, committed 17580K, reserved 1048576K
}
Event: 1571.258 GC heap before
{Heap before GC invocations=55 (full 8):
 PSYoungGen      total 633856K, used 601440K [0x00000000d5b80000, 0x00000000ff780000, 0x0000000100000000)
  eden space 591872K, 100% used [0x00000000d5b80000,0x00000000f9d80000,0x00000000f9d80000)
  from space 41984K, 22% used [0x00000000fce80000,0x00000000fd7d8010,0x00000000ff780000)
  to   space 46080K, 0% used [0x00000000f9d80000,0x00000000f9d80000,0x00000000fca80000)
 ParOldGen       total 275456K, used 225998K [0x0000000081200000, 0x0000000091f00000, 0x00000000d5b80000)
  object space 275456K, 82% used [0x0000000081200000,0x000000008eeb3bd8,0x0000000091f00000)
 Metaspace       used 99558K, capacity 100514K, committed 103852K, reserved 1136640K
  class space    used 16708K, capacity 16939K, committed 17580K, reserved 1048576K
Event: 1571.297 GC heap after
Heap after GC invocations=55 (full 8):
 PSYoungGen      total 637952K, used 15911K [0x00000000d5b80000, 0x00000000fff00000, 0x0000000100000000)
  eden space 591872K, 0% used [0x00000000d5b80000,0x00000000d5b80000,0x00000000f9d80000)
  from space 46080K, 34% used [0x00000000f9d80000,0x00000000fad09c20,0x00000000fca80000)
  to   space 43520K, 0% used [0x00000000fd480000,0x00000000fd480000,0x00000000fff00000)
 ParOldGen       total 275456K, used 229323K [0x0000000081200000, 0x0000000091f00000, 0x00000000d5b80000)
  object space 275456K, 83% used [0x0000000081200000,0x000000008f1f2e28,0x0000000091f00000)
 Metaspace       used 99558K, capacity 100514K, committed 103852K, reserved 1136640K
  class space    used 16708K, capacity 16939K, committed 17580K, reserved 1048576K
}
Event: 1573.418 GC heap before
{Heap before GC invocations=56 (full 8):
 PSYoungGen      total 637952K, used 607783K [0x00000000d5b80000, 0x00000000fff00000, 0x0000000100000000)
  eden space 591872K, 100% used [0x00000000d5b80000,0x00000000f9d80000,0x00000000f9d80000)
  from space 46080K, 34% used [0x00000000f9d80000,0x00000000fad09c20,0x00000000fca80000)
  to   space 43520K, 0% used [0x00000000fd480000,0x00000000fd480000,0x00000000fff00000)
 ParOldGen       total 275456K, used 229323K [0x0000000081200000, 0x0000000091f00000, 0x00000000d5b80000)
  object space 275456K, 83% used [0x0000000081200000,0x000000008f1f2e28,0x0000000091f00000)
 Metaspace       used 99558K, capacity 100514K, committed 103852K, reserved 1136640K
  class space    used 16708K, capacity 16939K, committed 17580K, reserved 1048576K
Event: 1573.444 GC heap after
Heap after GC invocations=56 (full 8):
 PSYoungGen      total 641024K, used 15557K [0x00000000d5b80000, 0x00000000ff980000, 0x0000000100000000)
  eden space 603136K, 0% used [0x00000000d5b80000,0x00000000d5b80000,0x00000000fa880000)
  from space 37888K, 41% used [0x00000000fd480000,0x00000000fe3b1798,0x00000000ff980000)
  to   space 41472K, 0% used [0x00000000fa880000,0x00000000fa880000,0x00000000fd100000)
 ParOldGen       total 275456K, used 238450K [0x0000000081200000, 0x0000000091f00000, 0x00000000d5b80000)
  object space 275456K, 86% used [0x0000000081200000,0x000000008fadca68,0x0000000091f00000)
 Metaspace       used 99558K, capacity 100514K, committed 103852K, reserved 1136640K
  class space    used 16708K, capacity 16939K, committed 17580K, reserved 1048576K
}
Event: 1575.464 GC heap before
{Heap before GC invocations=57 (full 8):
 PSYoungGen      total 641024K, used 618693K [0x00000000d5b80000, 0x00000000ff980000, 0x0000000100000000)
  eden space 603136K, 100% used [0x00000000d5b80000,0x00000000fa880000,0x00000000fa880000)
  from space 37888K, 41% used [0x00000000fd480000,0x00000000fe3b1798,0x00000000ff980000)
  to   space 41472K, 0% used [0x00000000fa880000,0x00000000fa880000,0x00000000fd100000)
 ParOldGen       total 275456K, used 238450K [0x0000000081200000, 0x0000000091f00000, 0x00000000d5b80000)
  object space 275456K, 86% used [0x0000000081200000,0x000000008fadca68,0x0000000091f00000)
 Metaspace       used 99563K, capacity 100514K, committed 103852K, reserved 1136640K
  class space    used 16708K, capacity 16939K, committed 17580K, reserved 1048576K
Event: 1575.482 GC heap after
Heap after GC invocations=57 (full 8):
 PSYoungGen      total 644608K, used 7388K [0x00000000d5b80000, 0x0000000100000000, 0x0000000100000000)
  eden space 603136K, 0% used [0x00000000d5b80000,0x00000000d5b80000,0x00000000fa880000)
  from space 41472K, 17% used [0x00000000fa880000,0x00000000fafb71d0,0x00000000fd100000)
  to   space 39936K, 0% used [0x00000000fd900000,0x00000000fd900000,0x0000000100000000)
 ParOldGen       total 275456K, used 244712K [0x0000000081200000, 0x0000000091f00000, 0x00000000d5b80000)
  object space 275456K, 88% used [0x0000000081200000,0x00000000900fa230,0x0000000091f00000)
 Metaspace       used 99563K, capacity 100514K, committed 103852K, reserved 1136640K
  class space    used 16708K, capacity 16939K, committed 17580K, reserved 1048576K
}

